<?xml version="1.0" encoding="UTF-8"?>
<!-- Generated by org.testng.reporters.JUnitXMLReporter -->
<testsuite ignored="6" hostname="DESKTOP-NA7RA9U" failures="0" tests="1" name="Default test" time="4.544" errors="0" timestamp="2021-09-25T17:46:29 IST">
  <testcase classname="api_testing.ApitestingExample" name="passin_Path_parameters" time="4.483"/>
  <testcase classname="api_testing.ApitestingExample" name="passing_Quar_yparameters" time="0.0">
    <ignored/>
  </testcase> <!-- passing_Quar_yparameters -->
  <testcase classname="api_testing.ApitestingExample" name="get_Required_path_parameters" time="0.0">
    <ignored/>
  </testcase> <!-- get_Required_path_parameters -->
  <testcase classname="api_testing.ApitestingExample" name="post_method" time="0.0">
    <ignored/>
  </testcase> <!-- post_method -->
  <testcase classname="api_testing.ApitestingExample" name="jSon_array_Object" time="0.0">
    <ignored/>
  </testcase> <!-- jSon_array_Object -->
  <testcase classname="api_testing.ApitestingExample" name="own_DB" time="0.0">
    <ignored/>
  </testcase> <!-- own_DB -->
  <testcase classname="api_testing.ApitestingExample" name="dELETE" time="0.0">
    <ignored/>
  </testcase> <!-- dELETE -->
</testsuite> <!-- Default test -->
