<?xml version="1.0" encoding="UTF-8"?>
<testng-results ignored="6" total="7" passed="1" failed="0" skipped="0">
  <reporter-output>
  </reporter-output>
  <suite started-at="2021-09-25T17:46:24 IST" name="Default suite" finished-at="2021-09-25T17:46:29 IST" duration-ms="4544">
    <groups>
    </groups>
    <test started-at="2021-09-25T17:46:24 IST" name="Default test" finished-at="2021-09-25T17:46:29 IST" duration-ms="4544">
      <class name="api_testing.ApitestingExample">
        <test-method signature="passin_Path_parameters()[pri:2, instance:api_testing.ApitestingExample@6ca8564a]" started-at="2021-09-25T17:46:24 IST" name="passin_Path_parameters" finished-at="2021-09-25T17:46:29 IST" duration-ms="4483" status="PASS">
          <reporter-output>
          </reporter-output>
        </test-method> <!-- passin_Path_parameters -->
      </class> <!-- api_testing.ApitestingExample -->
    </test> <!-- Default test -->
  </suite> <!-- Default suite -->
</testng-results>
